Watching for file changes with StatReloader
Watching for file changes with StatReloader
Watching for file changes with StatReloader
Watching for file changes with StatReloader
"GET / HTTP/1.1" 200 283
"GET /admin/myapp/order/ HTTP/1.1" 200 12027
"GET /admin/jsi18n/ HTTP/1.1" 200 3342
"GET /admin/myapp/orderitem/ HTTP/1.1" 200 12160
"GET /admin/jsi18n/ HTTP/1.1" 200 3342
"GET /admin/myapp/contact/ HTTP/1.1" 200 12190
"GET /admin/jsi18n/ HTTP/1.1" 200 3342
"GET /admin/myapp/productparameter/ HTTP/1.1" 200 12087
"GET /admin/jsi18n/ HTTP/1.1" 200 3342
"GET /admin/myapp/confirmemailtoken/ HTTP/1.1" 200 12194
"GET /admin/jsi18n/ HTTP/1.1" 200 3342
"GET / HTTP/1.1" 200 592
"GET / HTTP/1.1" 200 594
"GET / HTTP/1.1" 200 594
"GET / HTTP/1.1" 200 628
"GET / HTTP/1.1" 200 705
"GET / HTTP/1.1" 200 705
"GET / HTTP/1.1" 200 707
"GET / HTTP/1.1" 200 428
"GET /admin/ HTTP/1.1" 200 12366
"GET /static/admin/css/base.css HTTP/1.1" 304 0
"GET /static/admin/css/nav_sidebar.css HTTP/1.1" 304 0
"GET /static/admin/css/dark_mode.css HTTP/1.1" 304 0
"GET /static/admin/js/theme.js HTTP/1.1" 304 0
"GET /static/admin/css/responsive.css HTTP/1.1" 304 0
"GET /static/admin/js/nav_sidebar.js HTTP/1.1" 304 0
"GET /static/admin/css/dashboard.css HTTP/1.1" 200 441
"GET /static/admin/img/icon-addlink.svg HTTP/1.1" 304 0
"GET /static/admin/img/icon-changelink.svg HTTP/1.1" 304 0
"POST /admin/logout/ HTTP/1.1" 200 3553
"GET /admin/ HTTP/1.1" 302 0
"GET /admin/login/?next=/admin/ HTTP/1.1" 200 4158
"GET /static/admin/css/login.css HTTP/1.1" 200 958
"GET /admin/login/?next=/admin/ HTTP/1.1" 200 4158
E:\Учеба\4 диплом\pythonProject\myproject\myproject\settings.py changed, reloading.
Watching for file changes with StatReloader
"GET /admin/login/?next=/admin/ HTTP/1.1" 200 4356
E:\Учеба\4 диплом\pythonProject\myproject\myapp\models.py changed, reloading.
Watching for file changes with StatReloader
"POST /admin/login/?next=/admin/ HTTP/1.1" 302 0
"GET /admin/ HTTP/1.1" 200 13164
